<?xml version="1.0" encoding="UTF-8"?>
<!-- Generated by org.testng.reporters.JUnitReportReporter -->
<testsuite skipped="0" hostname="Biplab" name="seleniumTests.AlertDemo" tests="1" failures="0" timestamp="20 Apr 2020 02:05:52 GMT" time="51.915" errors="0">
  <testcase name="Alert" time="51.915" classname="seleniumTests.AlertDemo"/>
</testsuite> <!-- seleniumTests.AlertDemo -->
