<?xml version="1.0" encoding="UTF-8"?>
<!-- Generated by org.testng.reporters.JUnitReportReporter -->
<testsuite skipped="0" hostname="Biplab" name="seleniumTests.Tooltip" tests="1" failures="0" timestamp="20 Apr 2020 02:57:31 GMT" time="15.818" errors="0">
  <testcase name="toolTip" time="15.818" classname="seleniumTests.Tooltip"/>
</testsuite> <!-- seleniumTests.Tooltip -->
