<?xml version="1.0" encoding="UTF-8"?>
<!-- Generated by org.testng.reporters.JUnitReportReporter -->
<testsuite skipped="0" hostname="Biplab" name="TestNgDemo.TestNgDemo.DataPro" tests="3" failures="0" timestamp="15 Mar 2020 03:04:12 GMT" time="89.863" errors="0">
  <testcase name="test1" time="28.505" classname="TestNgDemo.TestNgDemo.DataPro"/>
  <testcase name="test1" time="29.201" classname="TestNgDemo.TestNgDemo.DataPro"/>
  <testcase name="test1" time="32.157" classname="TestNgDemo.TestNgDemo.DataPro"/>
</testsuite> <!-- TestNgDemo.TestNgDemo.DataPro -->
