<?xml version="1.0" encoding="UTF-8"?>
<!-- Generated by org.testng.reporters.JUnitReportReporter -->
<testsuite skipped="0" hostname="Biplab" name="TestNgDemo.TestNgDemo.TestNgTest2" tests="2" failures="0" timestamp="02 Apr 2020 02:50:00 GMT" time="80.601" errors="0">
  <testcase name="test12" time="40.148" classname="TestNgDemo.TestNgDemo.TestNgTest2"/>
  <testcase name="test11" time="40.453" classname="TestNgDemo.TestNgDemo.TestNgTest2"/>
</testsuite> <!-- TestNgDemo.TestNgDemo.TestNgTest2 -->
