<?xml version="1.0" encoding="UTF-8"?>
<!-- Generated by org.testng.reporters.JUnitReportReporter -->
<testsuite skipped="0" hostname="Biplab" name="seleniumTests.UploadDownload" tests="1" failures="0" timestamp="17 Apr 2020 18:11:45 GMT" time="19.914" errors="0">
  <testcase name="upload" time="19.914" classname="seleniumTests.UploadDownload"/>
</testsuite> <!-- seleniumTests.UploadDownload -->
