<?xml version="1.0" encoding="UTF-8"?>
<!-- Generated by org.testng.reporters.JUnitReportReporter -->
<testsuite skipped="0" hostname="Biplab" name="TestNgDemo.TestNgDemo.Frames" tests="1" failures="0" timestamp="26 Mar 2020 03:04:43 GMT" time="15.219" errors="0">
  <testcase name="openurl" time="15.219" classname="TestNgDemo.TestNgDemo.Frames"/>
</testsuite> <!-- TestNgDemo.TestNgDemo.Frames -->
