<?xml version="1.0" encoding="UTF-8"?>
<!-- Generated by org.testng.reporters.JUnitReportReporter -->
<testsuite skipped="0" hostname="Biplab" name="TestNgDemo.TestNgDemo.JavascriptExecutor123" tests="1" failures="0" timestamp="27 Mar 2020 02:24:54 GMT" time="13.498" errors="0">
  <testcase name="openurl" time="13.498" classname="TestNgDemo.TestNgDemo.JavascriptExecutor123"/>
</testsuite> <!-- TestNgDemo.TestNgDemo.JavascriptExecutor123 -->
